2017-06-14 14:07:47,519 [Worker-9] INFO  o.e.m.c.i.l.LifecycleMappingFactory - Using NULL lifecycle mapping for MavenProject: fr.exia:boulderdash:0.0.1-SNAPSHOT @ C:\Users\Theogorath\Documents\EXIA.CESI\A1\PROJETS\Projet 6 Java - UIML - POO\BoulderDash\BoulderDash\pom.xml.
2017-06-14 14:07:48,158 [Worker-9] INFO  o.e.m.c.i.l.LifecycleMappingFactory - Using org.eclipse.m2e.jdt.JarLifecycleMapping lifecycle mapping for MavenProject: fr.exia:contract:0.0.1-SNAPSHOT @ C:\Users\Theogorath\Documents\EXIA.CESI\A1\PROJETS\Projet 6 Java - UIML - POO\BoulderDash\BoulderDash\contract\pom.xml.
2017-06-14 14:07:48,224 [Worker-9] INFO  o.e.m.c.i.l.LifecycleMappingFactory - Using org.eclipse.m2e.jdt.JarLifecycleMapping lifecycle mapping for MavenProject: fr.exia:controller:0.0.1-SNAPSHOT @ C:\Users\Theogorath\Documents\EXIA.CESI\A1\PROJETS\Projet 6 Java - UIML - POO\BoulderDash\BoulderDash\controller\pom.xml.
2017-06-14 14:07:48,281 [Worker-9] INFO  o.e.m.c.i.l.LifecycleMappingFactory - Using org.eclipse.m2e.jdt.JarLifecycleMapping lifecycle mapping for MavenProject: fr.exia:model:0.0.1-SNAPSHOT @ C:\Users\Theogorath\Documents\EXIA.CESI\A1\PROJETS\Projet 6 Java - UIML - POO\BoulderDash\BoulderDash\model\pom.xml.
2017-06-14 14:07:48,344 [Worker-9] INFO  o.e.m.c.i.l.LifecycleMappingFactory - Using org.eclipse.m2e.jdt.JarLifecycleMapping lifecycle mapping for MavenProject: fr.exia:view:0.0.1-SNAPSHOT @ C:\Users\Theogorath\Documents\EXIA.CESI\A1\PROJETS\Projet 6 Java - UIML - POO\BoulderDash\BoulderDash\view\pom.xml.
2017-06-14 14:07:48,440 [Worker-9] INFO  o.e.m.c.i.l.LifecycleMappingFactory - Using org.eclipse.m2e.jdt.JarLifecycleMapping lifecycle mapping for MavenProject: fr.exia:main:0.0.1-SNAPSHOT @ C:\Users\Theogorath\Documents\EXIA.CESI\A1\PROJETS\Projet 6 Java - UIML - POO\BoulderDash\BoulderDash\main\pom.xml.
2017-06-14 14:07:49,531 [Worker-9] INFO  o.e.m.j.i.AbstractJavaProjectConfigurator - Adding source folder /contract/src/main/java
2017-06-14 14:07:49,532 [Worker-9] INFO  o.e.m.j.i.AbstractJavaProjectConfigurator - Adding source folder /contract/src/test/java
2017-06-14 14:07:49,621 [Worker-9] INFO  o.e.m.j.i.AbstractJavaProjectConfigurator - Adding source folder /controller/src/main/java
2017-06-14 14:07:49,621 [Worker-9] INFO  o.e.m.j.i.AbstractJavaProjectConfigurator - Adding source folder /controller/src/test/java
2017-06-14 14:07:49,679 [Worker-9] INFO  o.e.m.j.i.AbstractJavaProjectConfigurator - Adding source folder /view/src/main/java
2017-06-14 14:07:49,680 [Worker-9] INFO  o.e.m.j.i.AbstractJavaProjectConfigurator - Adding source folder /view/src/test/java
2017-06-14 14:07:49,976 [Worker-9] INFO  o.e.m.j.i.AbstractJavaProjectConfigurator - Adding source folder /model/src/main/java
2017-06-14 14:07:49,977 [Worker-9] INFO  o.e.m.j.i.AbstractJavaProjectConfigurator - Adding source folder /model/src/test/java
2017-06-14 14:07:50,037 [Worker-9] INFO  o.e.m.j.i.AbstractJavaProjectConfigurator - Adding source folder /main/src/main/java
2017-06-14 14:07:50,037 [Worker-9] INFO  o.e.m.j.i.AbstractJavaProjectConfigurator - Adding source folder /main/src/test/java
2017-06-14 14:07:50,127 [Worker-9] INFO  o.e.m.c.i.p.ProjectConfigurationManager - Imported and configured 6 project(s) in 3 sec
2017-06-14 14:07:51,058 [Worker-7] WARN  o.e.m.c.i.embedder.EclipseLogger - Using platform encoding (Cp1252 actually) to copy filtered resources, i.e. build is platform dependent!
2017-06-14 14:07:51,063 [Worker-7] INFO  o.e.m.c.i.embedder.EclipseLogger - skip non existing resourceDirectory C:\Users\Theogorath\Documents\EXIA.CESI\A1\PROJETS\Projet 6 Java - UIML - POO\BoulderDash\BoulderDash\contract\src\main\resources
2017-06-14 14:07:51,065 [Worker-7] WARN  o.e.m.c.i.embedder.EclipseLogger - Using platform encoding (Cp1252 actually) to copy filtered resources, i.e. build is platform dependent!
2017-06-14 14:07:51,076 [Worker-7] INFO  o.e.m.c.i.embedder.EclipseLogger - skip non existing resourceDirectory C:\Users\Theogorath\Documents\EXIA.CESI\A1\PROJETS\Projet 6 Java - UIML - POO\BoulderDash\BoulderDash\contract\src\test\resources
2017-06-14 14:07:51,672 [Worker-7] WARN  o.e.m.c.i.embedder.EclipseLogger - Using platform encoding (Cp1252 actually) to copy filtered resources, i.e. build is platform dependent!
2017-06-14 14:07:51,679 [Worker-7] INFO  o.e.m.c.i.embedder.EclipseLogger - skip non existing resourceDirectory C:\Users\Theogorath\Documents\EXIA.CESI\A1\PROJETS\Projet 6 Java - UIML - POO\BoulderDash\BoulderDash\controller\src\main\resources
2017-06-14 14:07:51,680 [Worker-7] WARN  o.e.m.c.i.embedder.EclipseLogger - Using platform encoding (Cp1252 actually) to copy filtered resources, i.e. build is platform dependent!
2017-06-14 14:07:51,687 [Worker-7] INFO  o.e.m.c.i.embedder.EclipseLogger - skip non existing resourceDirectory C:\Users\Theogorath\Documents\EXIA.CESI\A1\PROJETS\Projet 6 Java - UIML - POO\BoulderDash\BoulderDash\controller\src\test\resources
2017-06-14 14:07:51,811 [Worker-7] WARN  o.e.m.c.i.embedder.EclipseLogger - Using platform encoding (Cp1252 actually) to copy filtered resources, i.e. build is platform dependent!
2017-06-14 14:07:51,815 [Worker-7] INFO  o.e.m.c.i.embedder.EclipseLogger - skip non existing resourceDirectory C:\Users\Theogorath\Documents\EXIA.CESI\A1\PROJETS\Projet 6 Java - UIML - POO\BoulderDash\BoulderDash\model\src\main\resources
2017-06-14 14:07:51,817 [Worker-7] WARN  o.e.m.c.i.embedder.EclipseLogger - Using platform encoding (Cp1252 actually) to copy filtered resources, i.e. build is platform dependent!
2017-06-14 14:07:51,824 [Worker-7] INFO  o.e.m.c.i.embedder.EclipseLogger - skip non existing resourceDirectory C:\Users\Theogorath\Documents\EXIA.CESI\A1\PROJETS\Projet 6 Java - UIML - POO\BoulderDash\BoulderDash\model\src\test\resources
2017-06-14 14:07:51,906 [Worker-7] WARN  o.e.m.c.i.embedder.EclipseLogger - Using platform encoding (Cp1252 actually) to copy filtered resources, i.e. build is platform dependent!
2017-06-14 14:07:51,910 [Worker-7] INFO  o.e.m.c.i.embedder.EclipseLogger - skip non existing resourceDirectory C:\Users\Theogorath\Documents\EXIA.CESI\A1\PROJETS\Projet 6 Java - UIML - POO\BoulderDash\BoulderDash\view\src\main\resources
2017-06-14 14:07:51,911 [Worker-7] WARN  o.e.m.c.i.embedder.EclipseLogger - Using platform encoding (Cp1252 actually) to copy filtered resources, i.e. build is platform dependent!
2017-06-14 14:07:51,918 [Worker-7] INFO  o.e.m.c.i.embedder.EclipseLogger - skip non existing resourceDirectory C:\Users\Theogorath\Documents\EXIA.CESI\A1\PROJETS\Projet 6 Java - UIML - POO\BoulderDash\BoulderDash\view\src\test\resources
2017-06-14 14:07:52,023 [Worker-7] WARN  o.e.m.c.i.embedder.EclipseLogger - Using platform encoding (Cp1252 actually) to copy filtered resources, i.e. build is platform dependent!
2017-06-14 14:07:52,027 [Worker-7] INFO  o.e.m.c.i.embedder.EclipseLogger - skip non existing resourceDirectory C:\Users\Theogorath\Documents\EXIA.CESI\A1\PROJETS\Projet 6 Java - UIML - POO\BoulderDash\BoulderDash\main\src\main\resources
2017-06-14 14:07:52,028 [Worker-7] WARN  o.e.m.c.i.embedder.EclipseLogger - Using platform encoding (Cp1252 actually) to copy filtered resources, i.e. build is platform dependent!
2017-06-14 14:07:52,032 [Worker-7] INFO  o.e.m.c.i.embedder.EclipseLogger - skip non existing resourceDirectory C:\Users\Theogorath\Documents\EXIA.CESI\A1\PROJETS\Projet 6 Java - UIML - POO\BoulderDash\BoulderDash\main\src\test\resources
2017-06-14 14:09:23,930 [Worker-0] INFO  o.e.m.c.i.l.LifecycleMappingFactory - Using NULL lifecycle mapping for MavenProject: fr.exia:boulderdash:0.0.1-SNAPSHOT @ C:\Users\Theogorath\Documents\EXIA.CESI\A1\PROJETS\Projet 6 Java - UIML - POO\Workspace projet Java\BoulderDash\BoulderDash\pom.xml.
2017-06-14 14:09:24,356 [Worker-0] INFO  o.e.m.c.i.l.LifecycleMappingFactory - Using org.eclipse.m2e.jdt.JarLifecycleMapping lifecycle mapping for MavenProject: fr.exia:contract:0.0.1-SNAPSHOT @ C:\Users\Theogorath\Documents\EXIA.CESI\A1\PROJETS\Projet 6 Java - UIML - POO\Workspace projet Java\BoulderDash\BoulderDash\contract\pom.xml.
2017-06-14 14:09:24,406 [Worker-0] INFO  o.e.m.c.i.l.LifecycleMappingFactory - Using org.eclipse.m2e.jdt.JarLifecycleMapping lifecycle mapping for MavenProject: fr.exia:controller:0.0.1-SNAPSHOT @ C:\Users\Theogorath\Documents\EXIA.CESI\A1\PROJETS\Projet 6 Java - UIML - POO\Workspace projet Java\BoulderDash\BoulderDash\controller\pom.xml.
2017-06-14 14:09:24,463 [Worker-0] INFO  o.e.m.c.i.l.LifecycleMappingFactory - Using org.eclipse.m2e.jdt.JarLifecycleMapping lifecycle mapping for MavenProject: fr.exia:model:0.0.1-SNAPSHOT @ C:\Users\Theogorath\Documents\EXIA.CESI\A1\PROJETS\Projet 6 Java - UIML - POO\Workspace projet Java\BoulderDash\BoulderDash\model\pom.xml.
2017-06-14 14:09:24,518 [Worker-0] INFO  o.e.m.c.i.l.LifecycleMappingFactory - Using org.eclipse.m2e.jdt.JarLifecycleMapping lifecycle mapping for MavenProject: fr.exia:view:0.0.1-SNAPSHOT @ C:\Users\Theogorath\Documents\EXIA.CESI\A1\PROJETS\Projet 6 Java - UIML - POO\Workspace projet Java\BoulderDash\BoulderDash\view\pom.xml.
2017-06-14 14:09:24,582 [Worker-0] INFO  o.e.m.c.i.l.LifecycleMappingFactory - Using org.eclipse.m2e.jdt.JarLifecycleMapping lifecycle mapping for MavenProject: fr.exia:main:0.0.1-SNAPSHOT @ C:\Users\Theogorath\Documents\EXIA.CESI\A1\PROJETS\Projet 6 Java - UIML - POO\Workspace projet Java\BoulderDash\BoulderDash\main\pom.xml.
2017-06-14 14:09:25,563 [Worker-0] INFO  o.e.m.j.i.AbstractJavaProjectConfigurator - Adding source folder /contract/src/main/java
2017-06-14 14:09:25,567 [Worker-0] INFO  o.e.m.j.i.AbstractJavaProjectConfigurator - Adding source folder /contract/src/test/java
2017-06-14 14:09:25,614 [Worker-0] INFO  o.e.m.j.i.AbstractJavaProjectConfigurator - Adding source folder /controller/src/main/java
2017-06-14 14:09:25,619 [Worker-0] INFO  o.e.m.j.i.AbstractJavaProjectConfigurator - Adding source folder /controller/src/test/java
2017-06-14 14:09:25,658 [Worker-0] INFO  o.e.m.j.i.AbstractJavaProjectConfigurator - Adding source folder /view/src/main/java
2017-06-14 14:09:25,663 [Worker-0] INFO  o.e.m.j.i.AbstractJavaProjectConfigurator - Adding source folder /view/src/test/java
2017-06-14 14:09:25,703 [Worker-0] INFO  o.e.m.j.i.AbstractJavaProjectConfigurator - Adding source folder /model/src/main/java
2017-06-14 14:09:25,704 [Worker-0] INFO  o.e.m.j.i.AbstractJavaProjectConfigurator - Adding source folder /model/src/test/java
2017-06-14 14:09:25,748 [Worker-0] INFO  o.e.m.j.i.AbstractJavaProjectConfigurator - Adding source folder /main/src/main/java
2017-06-14 14:09:25,748 [Worker-0] INFO  o.e.m.j.i.AbstractJavaProjectConfigurator - Adding source folder /main/src/test/java
2017-06-14 14:09:25,786 [Worker-0] INFO  o.e.m.c.i.p.ProjectConfigurationManager - Imported and configured 6 project(s) in 2 sec
2017-06-14 14:09:26,189 [Worker-8] WARN  o.e.m.c.i.embedder.EclipseLogger - Using platform encoding (Cp1252 actually) to copy filtered resources, i.e. build is platform dependent!
2017-06-14 14:09:26,193 [Worker-8] INFO  o.e.m.c.i.embedder.EclipseLogger - skip non existing resourceDirectory C:\Users\Theogorath\Documents\EXIA.CESI\A1\PROJETS\Projet 6 Java - UIML - POO\Workspace projet Java\BoulderDash\BoulderDash\contract\src\main\resources
2017-06-14 14:09:26,199 [Worker-8] WARN  o.e.m.c.i.embedder.EclipseLogger - Using platform encoding (Cp1252 actually) to copy filtered resources, i.e. build is platform dependent!
2017-06-14 14:09:26,203 [Worker-8] INFO  o.e.m.c.i.embedder.EclipseLogger - skip non existing resourceDirectory C:\Users\Theogorath\Documents\EXIA.CESI\A1\PROJETS\Projet 6 Java - UIML - POO\Workspace projet Java\BoulderDash\BoulderDash\contract\src\test\resources
2017-06-14 14:09:26,459 [Worker-8] WARN  o.e.m.c.i.embedder.EclipseLogger - Using platform encoding (Cp1252 actually) to copy filtered resources, i.e. build is platform dependent!
2017-06-14 14:09:26,463 [Worker-8] INFO  o.e.m.c.i.embedder.EclipseLogger - skip non existing resourceDirectory C:\Users\Theogorath\Documents\EXIA.CESI\A1\PROJETS\Projet 6 Java - UIML - POO\Workspace projet Java\BoulderDash\BoulderDash\controller\src\main\resources
2017-06-14 14:09:26,464 [Worker-8] WARN  o.e.m.c.i.embedder.EclipseLogger - Using platform encoding (Cp1252 actually) to copy filtered resources, i.e. build is platform dependent!
2017-06-14 14:09:26,469 [Worker-8] INFO  o.e.m.c.i.embedder.EclipseLogger - skip non existing resourceDirectory C:\Users\Theogorath\Documents\EXIA.CESI\A1\PROJETS\Projet 6 Java - UIML - POO\Workspace projet Java\BoulderDash\BoulderDash\controller\src\test\resources
2017-06-14 14:09:26,590 [Worker-8] WARN  o.e.m.c.i.embedder.EclipseLogger - Using platform encoding (Cp1252 actually) to copy filtered resources, i.e. build is platform dependent!
2017-06-14 14:09:26,596 [Worker-8] INFO  o.e.m.c.i.embedder.EclipseLogger - skip non existing resourceDirectory C:\Users\Theogorath\Documents\EXIA.CESI\A1\PROJETS\Projet 6 Java - UIML - POO\Workspace projet Java\BoulderDash\BoulderDash\model\src\main\resources
2017-06-14 14:09:26,601 [Worker-8] WARN  o.e.m.c.i.embedder.EclipseLogger - Using platform encoding (Cp1252 actually) to copy filtered resources, i.e. build is platform dependent!
2017-06-14 14:09:26,610 [Worker-8] INFO  o.e.m.c.i.embedder.EclipseLogger - skip non existing resourceDirectory C:\Users\Theogorath\Documents\EXIA.CESI\A1\PROJETS\Projet 6 Java - UIML - POO\Workspace projet Java\BoulderDash\BoulderDash\model\src\test\resources
2017-06-14 14:09:26,693 [Worker-8] WARN  o.e.m.c.i.embedder.EclipseLogger - Using platform encoding (Cp1252 actually) to copy filtered resources, i.e. build is platform dependent!
2017-06-14 14:09:26,699 [Worker-8] INFO  o.e.m.c.i.embedder.EclipseLogger - skip non existing resourceDirectory C:\Users\Theogorath\Documents\EXIA.CESI\A1\PROJETS\Projet 6 Java - UIML - POO\Workspace projet Java\BoulderDash\BoulderDash\view\src\main\resources
2017-06-14 14:09:26,700 [Worker-8] WARN  o.e.m.c.i.embedder.EclipseLogger - Using platform encoding (Cp1252 actually) to copy filtered resources, i.e. build is platform dependent!
2017-06-14 14:09:26,704 [Worker-8] INFO  o.e.m.c.i.embedder.EclipseLogger - skip non existing resourceDirectory C:\Users\Theogorath\Documents\EXIA.CESI\A1\PROJETS\Projet 6 Java - UIML - POO\Workspace projet Java\BoulderDash\BoulderDash\view\src\test\resources
2017-06-14 14:09:26,788 [Worker-8] WARN  o.e.m.c.i.embedder.EclipseLogger - Using platform encoding (Cp1252 actually) to copy filtered resources, i.e. build is platform dependent!
2017-06-14 14:09:26,791 [Worker-8] INFO  o.e.m.c.i.embedder.EclipseLogger - skip non existing resourceDirectory C:\Users\Theogorath\Documents\EXIA.CESI\A1\PROJETS\Projet 6 Java - UIML - POO\Workspace projet Java\BoulderDash\BoulderDash\main\src\main\resources
2017-06-14 14:09:26,796 [Worker-8] WARN  o.e.m.c.i.embedder.EclipseLogger - Using platform encoding (Cp1252 actually) to copy filtered resources, i.e. build is platform dependent!
2017-06-14 14:09:26,800 [Worker-8] INFO  o.e.m.c.i.embedder.EclipseLogger - skip non existing resourceDirectory C:\Users\Theogorath\Documents\EXIA.CESI\A1\PROJETS\Projet 6 Java - UIML - POO\Workspace projet Java\BoulderDash\BoulderDash\main\src\test\resources
2017-06-14 14:11:13,919 [main] INFO  o.e.m.c.i.l.LifecycleMappingFactory - Using org.eclipse.m2e.jdt.JarLifecycleMapping lifecycle mapping for MavenProject: fr.exia:contract:0.0.1-SNAPSHOT @ C:\Users\Theogorath\Documents\EXIA.CESI\A1\PROJETS\Projet 6 Java - UIML - POO\Workspace projet Java\BoulderDash\BoulderDash\contract\pom.xml.
2017-06-14 14:12:28,574 [Worker-2] WARN  o.e.m.c.i.embedder.EclipseLogger - Using platform encoding (Cp1252 actually) to copy filtered resources, i.e. build is platform dependent!
2017-06-14 14:12:28,578 [Worker-2] INFO  o.e.m.c.i.embedder.EclipseLogger - skip non existing resourceDirectory C:\Users\Theogorath\Documents\EXIA.CESI\A1\PROJETS\Projet 6 Java - UIML - POO\Workspace projet Java\BoulderDash\BoulderDash\contract\src\main\resources
2017-06-14 14:12:28,579 [Worker-2] WARN  o.e.m.c.i.embedder.EclipseLogger - Using platform encoding (Cp1252 actually) to copy filtered resources, i.e. build is platform dependent!
2017-06-14 14:12:28,584 [Worker-2] INFO  o.e.m.c.i.embedder.EclipseLogger - skip non existing resourceDirectory C:\Users\Theogorath\Documents\EXIA.CESI\A1\PROJETS\Projet 6 Java - UIML - POO\Workspace projet Java\BoulderDash\BoulderDash\contract\src\test\resources
2017-06-14 14:12:28,609 [Worker-2] WARN  o.e.m.c.i.embedder.EclipseLogger - Using platform encoding (Cp1252 actually) to copy filtered resources, i.e. build is platform dependent!
2017-06-14 14:12:28,616 [Worker-2] INFO  o.e.m.c.i.embedder.EclipseLogger - skip non existing resourceDirectory C:\Users\Theogorath\Documents\EXIA.CESI\A1\PROJETS\Projet 6 Java - UIML - POO\Workspace projet Java\BoulderDash\BoulderDash\controller\src\main\resources
2017-06-14 14:12:28,617 [Worker-2] WARN  o.e.m.c.i.embedder.EclipseLogger - Using platform encoding (Cp1252 actually) to copy filtered resources, i.e. build is platform dependent!
2017-06-14 14:12:28,623 [Worker-2] INFO  o.e.m.c.i.embedder.EclipseLogger - skip non existing resourceDirectory C:\Users\Theogorath\Documents\EXIA.CESI\A1\PROJETS\Projet 6 Java - UIML - POO\Workspace projet Java\BoulderDash\BoulderDash\controller\src\test\resources
2017-06-14 14:12:28,641 [Worker-2] WARN  o.e.m.c.i.embedder.EclipseLogger - Using platform encoding (Cp1252 actually) to copy filtered resources, i.e. build is platform dependent!
2017-06-14 14:12:28,649 [Worker-2] INFO  o.e.m.c.i.embedder.EclipseLogger - skip non existing resourceDirectory C:\Users\Theogorath\Documents\EXIA.CESI\A1\PROJETS\Projet 6 Java - UIML - POO\Workspace projet Java\BoulderDash\BoulderDash\model\src\main\resources
2017-06-14 14:12:28,650 [Worker-2] WARN  o.e.m.c.i.embedder.EclipseLogger - Using platform encoding (Cp1252 actually) to copy filtered resources, i.e. build is platform dependent!
2017-06-14 14:12:28,654 [Worker-2] INFO  o.e.m.c.i.embedder.EclipseLogger - skip non existing resourceDirectory C:\Users\Theogorath\Documents\EXIA.CESI\A1\PROJETS\Projet 6 Java - UIML - POO\Workspace projet Java\BoulderDash\BoulderDash\model\src\test\resources
2017-06-14 14:12:28,674 [Worker-2] WARN  o.e.m.c.i.embedder.EclipseLogger - Using platform encoding (Cp1252 actually) to copy filtered resources, i.e. build is platform dependent!
2017-06-14 14:12:28,680 [Worker-2] INFO  o.e.m.c.i.embedder.EclipseLogger - skip non existing resourceDirectory C:\Users\Theogorath\Documents\EXIA.CESI\A1\PROJETS\Projet 6 Java - UIML - POO\Workspace projet Java\BoulderDash\BoulderDash\view\src\main\resources
2017-06-14 14:12:28,681 [Worker-2] WARN  o.e.m.c.i.embedder.EclipseLogger - Using platform encoding (Cp1252 actually) to copy filtered resources, i.e. build is platform dependent!
2017-06-14 14:12:28,685 [Worker-2] INFO  o.e.m.c.i.embedder.EclipseLogger - skip non existing resourceDirectory C:\Users\Theogorath\Documents\EXIA.CESI\A1\PROJETS\Projet 6 Java - UIML - POO\Workspace projet Java\BoulderDash\BoulderDash\view\src\test\resources
2017-06-14 14:12:28,723 [Worker-2] WARN  o.e.m.c.i.embedder.EclipseLogger - Using platform encoding (Cp1252 actually) to copy filtered resources, i.e. build is platform dependent!
2017-06-14 14:12:28,727 [Worker-2] INFO  o.e.m.c.i.embedder.EclipseLogger - skip non existing resourceDirectory C:\Users\Theogorath\Documents\EXIA.CESI\A1\PROJETS\Projet 6 Java - UIML - POO\Workspace projet Java\BoulderDash\BoulderDash\main\src\main\resources
2017-06-14 14:12:28,728 [Worker-2] WARN  o.e.m.c.i.embedder.EclipseLogger - Using platform encoding (Cp1252 actually) to copy filtered resources, i.e. build is platform dependent!
2017-06-14 14:12:28,732 [Worker-2] INFO  o.e.m.c.i.embedder.EclipseLogger - skip non existing resourceDirectory C:\Users\Theogorath\Documents\EXIA.CESI\A1\PROJETS\Projet 6 Java - UIML - POO\Workspace projet Java\BoulderDash\BoulderDash\main\src\test\resources
2017-06-14 14:12:29,961 [Worker-18] WARN  o.e.m.c.i.embedder.EclipseLogger - Using platform encoding (Cp1252 actually) to copy filtered resources, i.e. build is platform dependent!
2017-06-14 14:12:29,968 [Worker-18] INFO  o.e.m.c.i.embedder.EclipseLogger - skip non existing resourceDirectory C:\Users\Theogorath\Documents\EXIA.CESI\A1\PROJETS\Projet 6 Java - UIML - POO\Workspace projet Java\BoulderDash\BoulderDash\contract\src\main\resources
2017-06-14 14:12:29,969 [Worker-18] WARN  o.e.m.c.i.embedder.EclipseLogger - Using platform encoding (Cp1252 actually) to copy filtered resources, i.e. build is platform dependent!
2017-06-14 14:12:29,973 [Worker-18] INFO  o.e.m.c.i.embedder.EclipseLogger - skip non existing resourceDirectory C:\Users\Theogorath\Documents\EXIA.CESI\A1\PROJETS\Projet 6 Java - UIML - POO\Workspace projet Java\BoulderDash\BoulderDash\contract\src\test\resources
2017-06-14 14:12:29,979 [Worker-18] WARN  o.e.m.c.i.embedder.EclipseLogger - Using platform encoding (Cp1252 actually) to copy filtered resources, i.e. build is platform dependent!
2017-06-14 14:12:29,985 [Worker-18] INFO  o.e.m.c.i.embedder.EclipseLogger - skip non existing resourceDirectory C:\Users\Theogorath\Documents\EXIA.CESI\A1\PROJETS\Projet 6 Java - UIML - POO\Workspace projet Java\BoulderDash\BoulderDash\controller\src\main\resources
2017-06-14 14:12:29,986 [Worker-18] WARN  o.e.m.c.i.embedder.EclipseLogger - Using platform encoding (Cp1252 actually) to copy filtered resources, i.e. build is platform dependent!
2017-06-14 14:12:29,990 [Worker-18] INFO  o.e.m.c.i.embedder.EclipseLogger - skip non existing resourceDirectory C:\Users\Theogorath\Documents\EXIA.CESI\A1\PROJETS\Projet 6 Java - UIML - POO\Workspace projet Java\BoulderDash\BoulderDash\controller\src\test\resources
2017-06-14 14:12:29,995 [Worker-18] WARN  o.e.m.c.i.embedder.EclipseLogger - Using platform encoding (Cp1252 actually) to copy filtered resources, i.e. build is platform dependent!
2017-06-14 14:12:30,003 [Worker-18] INFO  o.e.m.c.i.embedder.EclipseLogger - skip non existing resourceDirectory C:\Users\Theogorath\Documents\EXIA.CESI\A1\PROJETS\Projet 6 Java - UIML - POO\Workspace projet Java\BoulderDash\BoulderDash\model\src\main\resources
2017-06-14 14:12:30,004 [Worker-18] WARN  o.e.m.c.i.embedder.EclipseLogger - Using platform encoding (Cp1252 actually) to copy filtered resources, i.e. build is platform dependent!
2017-06-14 14:12:30,008 [Worker-18] INFO  o.e.m.c.i.embedder.EclipseLogger - skip non existing resourceDirectory C:\Users\Theogorath\Documents\EXIA.CESI\A1\PROJETS\Projet 6 Java - UIML - POO\Workspace projet Java\BoulderDash\BoulderDash\model\src\test\resources
2017-06-14 14:12:30,013 [Worker-18] WARN  o.e.m.c.i.embedder.EclipseLogger - Using platform encoding (Cp1252 actually) to copy filtered resources, i.e. build is platform dependent!
2017-06-14 14:12:30,017 [Worker-18] INFO  o.e.m.c.i.embedder.EclipseLogger - skip non existing resourceDirectory C:\Users\Theogorath\Documents\EXIA.CESI\A1\PROJETS\Projet 6 Java - UIML - POO\Workspace projet Java\BoulderDash\BoulderDash\view\src\main\resources
2017-06-14 14:12:30,018 [Worker-18] WARN  o.e.m.c.i.embedder.EclipseLogger - Using platform encoding (Cp1252 actually) to copy filtered resources, i.e. build is platform dependent!
2017-06-14 14:12:30,022 [Worker-18] INFO  o.e.m.c.i.embedder.EclipseLogger - skip non existing resourceDirectory C:\Users\Theogorath\Documents\EXIA.CESI\A1\PROJETS\Projet 6 Java - UIML - POO\Workspace projet Java\BoulderDash\BoulderDash\view\src\test\resources
2017-06-14 14:12:30,028 [Worker-18] WARN  o.e.m.c.i.embedder.EclipseLogger - Using platform encoding (Cp1252 actually) to copy filtered resources, i.e. build is platform dependent!
2017-06-14 14:12:30,036 [Worker-18] INFO  o.e.m.c.i.embedder.EclipseLogger - skip non existing resourceDirectory C:\Users\Theogorath\Documents\EXIA.CESI\A1\PROJETS\Projet 6 Java - UIML - POO\Workspace projet Java\BoulderDash\BoulderDash\main\src\main\resources
2017-06-14 14:12:30,037 [Worker-18] WARN  o.e.m.c.i.embedder.EclipseLogger - Using platform encoding (Cp1252 actually) to copy filtered resources, i.e. build is platform dependent!
2017-06-14 14:12:30,041 [Worker-18] INFO  o.e.m.c.i.embedder.EclipseLogger - skip non existing resourceDirectory C:\Users\Theogorath\Documents\EXIA.CESI\A1\PROJETS\Projet 6 Java - UIML - POO\Workspace projet Java\BoulderDash\BoulderDash\main\src\test\resources
2017-06-14 14:12:40,435 [Worker-2] WARN  o.e.m.c.i.embedder.EclipseLogger - Using platform encoding (Cp1252 actually) to copy filtered resources, i.e. build is platform dependent!
2017-06-14 14:12:40,440 [Worker-2] INFO  o.e.m.c.i.embedder.EclipseLogger - skip non existing resourceDirectory C:\Users\Theogorath\Documents\EXIA.CESI\A1\PROJETS\Projet 6 Java - UIML - POO\Workspace projet Java\BoulderDash\BoulderDash\contract\src\main\resources
2017-06-14 14:12:40,442 [Worker-2] WARN  o.e.m.c.i.embedder.EclipseLogger - Using platform encoding (Cp1252 actually) to copy filtered resources, i.e. build is platform dependent!
2017-06-14 14:12:40,446 [Worker-2] INFO  o.e.m.c.i.embedder.EclipseLogger - skip non existing resourceDirectory C:\Users\Theogorath\Documents\EXIA.CESI\A1\PROJETS\Projet 6 Java - UIML - POO\Workspace projet Java\BoulderDash\BoulderDash\contract\src\test\resources
2017-06-14 14:12:40,724 [Worker-2] WARN  o.e.m.c.i.embedder.EclipseLogger - Using platform encoding (Cp1252 actually) to copy filtered resources, i.e. build is platform dependent!
2017-06-14 14:12:40,728 [Worker-2] INFO  o.e.m.c.i.embedder.EclipseLogger - skip non existing resourceDirectory C:\Users\Theogorath\Documents\EXIA.CESI\A1\PROJETS\Projet 6 Java - UIML - POO\Workspace projet Java\BoulderDash\BoulderDash\controller\src\main\resources
2017-06-14 14:12:40,728 [Worker-2] WARN  o.e.m.c.i.embedder.EclipseLogger - Using platform encoding (Cp1252 actually) to copy filtered resources, i.e. build is platform dependent!
2017-06-14 14:12:40,732 [Worker-2] INFO  o.e.m.c.i.embedder.EclipseLogger - skip non existing resourceDirectory C:\Users\Theogorath\Documents\EXIA.CESI\A1\PROJETS\Projet 6 Java - UIML - POO\Workspace projet Java\BoulderDash\BoulderDash\controller\src\test\resources
2017-06-14 14:12:40,844 [Worker-2] WARN  o.e.m.c.i.embedder.EclipseLogger - Using platform encoding (Cp1252 actually) to copy filtered resources, i.e. build is platform dependent!
2017-06-14 14:12:40,848 [Worker-2] INFO  o.e.m.c.i.embedder.EclipseLogger - skip non existing resourceDirectory C:\Users\Theogorath\Documents\EXIA.CESI\A1\PROJETS\Projet 6 Java - UIML - POO\Workspace projet Java\BoulderDash\BoulderDash\model\src\main\resources
2017-06-14 14:12:40,849 [Worker-2] WARN  o.e.m.c.i.embedder.EclipseLogger - Using platform encoding (Cp1252 actually) to copy filtered resources, i.e. build is platform dependent!
2017-06-14 14:12:40,853 [Worker-2] INFO  o.e.m.c.i.embedder.EclipseLogger - skip non existing resourceDirectory C:\Users\Theogorath\Documents\EXIA.CESI\A1\PROJETS\Projet 6 Java - UIML - POO\Workspace projet Java\BoulderDash\BoulderDash\model\src\test\resources
2017-06-14 14:12:40,913 [Worker-2] WARN  o.e.m.c.i.embedder.EclipseLogger - Using platform encoding (Cp1252 actually) to copy filtered resources, i.e. build is platform dependent!
2017-06-14 14:12:40,920 [Worker-2] INFO  o.e.m.c.i.embedder.EclipseLogger - skip non existing resourceDirectory C:\Users\Theogorath\Documents\EXIA.CESI\A1\PROJETS\Projet 6 Java - UIML - POO\Workspace projet Java\BoulderDash\BoulderDash\view\src\main\resources
2017-06-14 14:12:40,921 [Worker-2] WARN  o.e.m.c.i.embedder.EclipseLogger - Using platform encoding (Cp1252 actually) to copy filtered resources, i.e. build is platform dependent!
2017-06-14 14:12:40,924 [Worker-2] INFO  o.e.m.c.i.embedder.EclipseLogger - skip non existing resourceDirectory C:\Users\Theogorath\Documents\EXIA.CESI\A1\PROJETS\Projet 6 Java - UIML - POO\Workspace projet Java\BoulderDash\BoulderDash\view\src\test\resources
2017-06-14 14:12:40,987 [Worker-2] WARN  o.e.m.c.i.embedder.EclipseLogger - Using platform encoding (Cp1252 actually) to copy filtered resources, i.e. build is platform dependent!
2017-06-14 14:12:40,991 [Worker-2] INFO  o.e.m.c.i.embedder.EclipseLogger - skip non existing resourceDirectory C:\Users\Theogorath\Documents\EXIA.CESI\A1\PROJETS\Projet 6 Java - UIML - POO\Workspace projet Java\BoulderDash\BoulderDash\main\src\main\resources
2017-06-14 14:12:40,992 [Worker-2] WARN  o.e.m.c.i.embedder.EclipseLogger - Using platform encoding (Cp1252 actually) to copy filtered resources, i.e. build is platform dependent!
2017-06-14 14:12:40,995 [Worker-2] INFO  o.e.m.c.i.embedder.EclipseLogger - skip non existing resourceDirectory C:\Users\Theogorath\Documents\EXIA.CESI\A1\PROJETS\Projet 6 Java - UIML - POO\Workspace projet Java\BoulderDash\BoulderDash\main\src\test\resources
2017-06-14 14:12:42,287 [Worker-12] WARN  o.e.m.c.i.embedder.EclipseLogger - Using platform encoding (Cp1252 actually) to copy filtered resources, i.e. build is platform dependent!
2017-06-14 14:12:42,294 [Worker-12] INFO  o.e.m.c.i.embedder.EclipseLogger - skip non existing resourceDirectory C:\Users\Theogorath\Documents\EXIA.CESI\A1\PROJETS\Projet 6 Java - UIML - POO\Workspace projet Java\BoulderDash\BoulderDash\contract\src\main\resources
2017-06-14 14:12:42,295 [Worker-12] WARN  o.e.m.c.i.embedder.EclipseLogger - Using platform encoding (Cp1252 actually) to copy filtered resources, i.e. build is platform dependent!
2017-06-14 14:12:42,302 [Worker-12] INFO  o.e.m.c.i.embedder.EclipseLogger - skip non existing resourceDirectory C:\Users\Theogorath\Documents\EXIA.CESI\A1\PROJETS\Projet 6 Java - UIML - POO\Workspace projet Java\BoulderDash\BoulderDash\contract\src\test\resources
2017-06-14 14:13:13,032 [Worker-15] WARN  o.e.m.c.i.embedder.EclipseLogger - Using platform encoding (Cp1252 actually) to copy filtered resources, i.e. build is platform dependent!
2017-06-14 14:13:13,039 [Worker-15] INFO  o.e.m.c.i.embedder.EclipseLogger - skip non existing resourceDirectory C:\Users\Theogorath\Documents\EXIA.CESI\A1\PROJETS\Projet 6 Java - UIML - POO\Workspace projet Java\BoulderDash\BoulderDash\controller\src\main\resources
2017-06-14 14:13:13,043 [Worker-15] WARN  o.e.m.c.i.embedder.EclipseLogger - Using platform encoding (Cp1252 actually) to copy filtered resources, i.e. build is platform dependent!
2017-06-14 14:13:13,049 [Worker-15] INFO  o.e.m.c.i.embedder.EclipseLogger - skip non existing resourceDirectory C:\Users\Theogorath\Documents\EXIA.CESI\A1\PROJETS\Projet 6 Java - UIML - POO\Workspace projet Java\BoulderDash\BoulderDash\controller\src\test\resources
2017-06-14 14:14:04,475 [Worker-14] WARN  o.e.m.c.i.embedder.EclipseLogger - Using platform encoding (Cp1252 actually) to copy filtered resources, i.e. build is platform dependent!
2017-06-14 14:14:04,483 [Worker-14] INFO  o.e.m.c.i.embedder.EclipseLogger - skip non existing resourceDirectory C:\Users\Theogorath\Documents\EXIA.CESI\A1\PROJETS\Projet 6 Java - UIML - POO\Workspace projet Java\BoulderDash\BoulderDash\main\src\main\resources
2017-06-14 14:14:04,487 [Worker-14] WARN  o.e.m.c.i.embedder.EclipseLogger - Using platform encoding (Cp1252 actually) to copy filtered resources, i.e. build is platform dependent!
2017-06-14 14:14:04,494 [Worker-14] INFO  o.e.m.c.i.embedder.EclipseLogger - skip non existing resourceDirectory C:\Users\Theogorath\Documents\EXIA.CESI\A1\PROJETS\Projet 6 Java - UIML - POO\Workspace projet Java\BoulderDash\BoulderDash\main\src\test\resources
2017-06-14 14:15:35,994 [main] INFO  o.e.m2e.actions.ExecutePomAction - Creating new launch configuration
2017-06-14 14:16:05,720 [Worker-15] INFO  o.e.m.c.i.p.ProjectConfigurationManager - Update started
2017-06-14 14:16:05,851 [Worker-15] INFO  o.e.m.c.i.l.LifecycleMappingFactory - Using NULL lifecycle mapping for MavenProject: fr.exia:boulderdash:0.0.1-SNAPSHOT @ C:\Users\Theogorath\Documents\EXIA.CESI\A1\PROJETS\Projet 6 Java - UIML - POO\Workspace projet Java\BoulderDash\BoulderDash\pom.xml.
2017-06-14 14:16:06,186 [Worker-15] INFO  o.e.m.c.i.l.LifecycleMappingFactory - Using org.eclipse.m2e.jdt.JarLifecycleMapping lifecycle mapping for MavenProject: fr.exia:contract:0.0.1-SNAPSHOT @ C:\Users\Theogorath\Documents\EXIA.CESI\A1\PROJETS\Projet 6 Java - UIML - POO\Workspace projet Java\BoulderDash\BoulderDash\contract\pom.xml.
2017-06-14 14:16:06,241 [Worker-15] INFO  o.e.m.c.i.l.LifecycleMappingFactory - Using org.eclipse.m2e.jdt.JarLifecycleMapping lifecycle mapping for MavenProject: fr.exia:controller:0.0.1-SNAPSHOT @ C:\Users\Theogorath\Documents\EXIA.CESI\A1\PROJETS\Projet 6 Java - UIML - POO\Workspace projet Java\BoulderDash\BoulderDash\controller\pom.xml.
2017-06-14 14:16:06,306 [Worker-15] INFO  o.e.m.c.i.l.LifecycleMappingFactory - Using org.eclipse.m2e.jdt.JarLifecycleMapping lifecycle mapping for MavenProject: fr.exia:main:0.0.1-SNAPSHOT @ C:\Users\Theogorath\Documents\EXIA.CESI\A1\PROJETS\Projet 6 Java - UIML - POO\Workspace projet Java\BoulderDash\BoulderDash\main\pom.xml.
2017-06-14 14:16:06,360 [Worker-15] INFO  o.e.m.c.i.l.LifecycleMappingFactory - Using org.eclipse.m2e.jdt.JarLifecycleMapping lifecycle mapping for MavenProject: fr.exia:model:0.0.1-SNAPSHOT @ C:\Users\Theogorath\Documents\EXIA.CESI\A1\PROJETS\Projet 6 Java - UIML - POO\Workspace projet Java\BoulderDash\BoulderDash\model\pom.xml.
2017-06-14 14:16:06,414 [Worker-15] INFO  o.e.m.c.i.l.LifecycleMappingFactory - Using org.eclipse.m2e.jdt.JarLifecycleMapping lifecycle mapping for MavenProject: fr.exia:view:0.0.1-SNAPSHOT @ C:\Users\Theogorath\Documents\EXIA.CESI\A1\PROJETS\Projet 6 Java - UIML - POO\Workspace projet Java\BoulderDash\BoulderDash\view\pom.xml.
2017-06-14 14:16:06,799 [Worker-15] INFO  o.e.m.j.i.AbstractJavaProjectConfigurator - Adding source folder /contract/src/main/java
2017-06-14 14:16:06,804 [Worker-15] INFO  o.e.m.j.i.AbstractJavaProjectConfigurator - Adding source folder /contract/src/test/java
2017-06-14 14:16:06,857 [Worker-15] INFO  o.e.m.j.i.AbstractJavaProjectConfigurator - Adding source folder /controller/src/main/java
2017-06-14 14:16:06,862 [Worker-15] INFO  o.e.m.j.i.AbstractJavaProjectConfigurator - Adding source folder /controller/src/test/java
2017-06-14 14:16:06,912 [Worker-15] INFO  o.e.m.j.i.AbstractJavaProjectConfigurator - Adding source folder /main/src/main/java
2017-06-14 14:16:06,916 [Worker-15] INFO  o.e.m.j.i.AbstractJavaProjectConfigurator - Adding source folder /main/src/test/java
2017-06-14 14:16:06,965 [Worker-15] INFO  o.e.m.j.i.AbstractJavaProjectConfigurator - Adding source folder /model/src/main/java
2017-06-14 14:16:06,966 [Worker-15] INFO  o.e.m.j.i.AbstractJavaProjectConfigurator - Adding source folder /model/src/test/java
2017-06-14 14:16:07,013 [Worker-15] INFO  o.e.m.j.i.AbstractJavaProjectConfigurator - Adding source folder /view/src/main/java
2017-06-14 14:16:07,013 [Worker-15] INFO  o.e.m.j.i.AbstractJavaProjectConfigurator - Adding source folder /view/src/test/java
2017-06-14 14:16:07,277 [Worker-15] INFO  o.e.m.c.i.p.ProjectConfigurationManager - Update completed: 1 sec
2017-06-14 14:16:07,524 [Worker-18] WARN  o.e.m.c.i.embedder.EclipseLogger - Using platform encoding (Cp1252 actually) to copy filtered resources, i.e. build is platform dependent!
2017-06-14 14:16:07,529 [Worker-18] INFO  o.e.m.c.i.embedder.EclipseLogger - skip non existing resourceDirectory C:\Users\Theogorath\Documents\EXIA.CESI\A1\PROJETS\Projet 6 Java - UIML - POO\Workspace projet Java\BoulderDash\BoulderDash\contract\src\main\resources
2017-06-14 14:16:07,536 [Worker-18] WARN  o.e.m.c.i.embedder.EclipseLogger - Using platform encoding (Cp1252 actually) to copy filtered resources, i.e. build is platform dependent!
2017-06-14 14:16:07,540 [Worker-18] INFO  o.e.m.c.i.embedder.EclipseLogger - skip non existing resourceDirectory C:\Users\Theogorath\Documents\EXIA.CESI\A1\PROJETS\Projet 6 Java - UIML - POO\Workspace projet Java\BoulderDash\BoulderDash\contract\src\test\resources
2017-06-14 14:16:07,774 [Worker-18] WARN  o.e.m.c.i.embedder.EclipseLogger - Using platform encoding (Cp1252 actually) to copy filtered resources, i.e. build is platform dependent!
2017-06-14 14:16:07,779 [Worker-18] INFO  o.e.m.c.i.embedder.EclipseLogger - skip non existing resourceDirectory C:\Users\Theogorath\Documents\EXIA.CESI\A1\PROJETS\Projet 6 Java - UIML - POO\Workspace projet Java\BoulderDash\BoulderDash\controller\src\main\resources
2017-06-14 14:16:07,780 [Worker-18] WARN  o.e.m.c.i.embedder.EclipseLogger - Using platform encoding (Cp1252 actually) to copy filtered resources, i.e. build is platform dependent!
2017-06-14 14:16:07,785 [Worker-18] INFO  o.e.m.c.i.embedder.EclipseLogger - skip non existing resourceDirectory C:\Users\Theogorath\Documents\EXIA.CESI\A1\PROJETS\Projet 6 Java - UIML - POO\Workspace projet Java\BoulderDash\BoulderDash\controller\src\test\resources
2017-06-14 14:16:07,894 [Worker-18] WARN  o.e.m.c.i.embedder.EclipseLogger - Using platform encoding (Cp1252 actually) to copy filtered resources, i.e. build is platform dependent!
2017-06-14 14:16:07,898 [Worker-18] INFO  o.e.m.c.i.embedder.EclipseLogger - skip non existing resourceDirectory C:\Users\Theogorath\Documents\EXIA.CESI\A1\PROJETS\Projet 6 Java - UIML - POO\Workspace projet Java\BoulderDash\BoulderDash\model\src\main\resources
2017-06-14 14:16:07,904 [Worker-18] WARN  o.e.m.c.i.embedder.EclipseLogger - Using platform encoding (Cp1252 actually) to copy filtered resources, i.e. build is platform dependent!
2017-06-14 14:16:07,907 [Worker-18] INFO  o.e.m.c.i.embedder.EclipseLogger - skip non existing resourceDirectory C:\Users\Theogorath\Documents\EXIA.CESI\A1\PROJETS\Projet 6 Java - UIML - POO\Workspace projet Java\BoulderDash\BoulderDash\model\src\test\resources
2017-06-14 14:16:07,970 [Worker-18] WARN  o.e.m.c.i.embedder.EclipseLogger - Using platform encoding (Cp1252 actually) to copy filtered resources, i.e. build is platform dependent!
2017-06-14 14:16:07,974 [Worker-18] INFO  o.e.m.c.i.embedder.EclipseLogger - skip non existing resourceDirectory C:\Users\Theogorath\Documents\EXIA.CESI\A1\PROJETS\Projet 6 Java - UIML - POO\Workspace projet Java\BoulderDash\BoulderDash\view\src\main\resources
2017-06-14 14:16:07,975 [Worker-18] WARN  o.e.m.c.i.embedder.EclipseLogger - Using platform encoding (Cp1252 actually) to copy filtered resources, i.e. build is platform dependent!
2017-06-14 14:16:07,979 [Worker-18] INFO  o.e.m.c.i.embedder.EclipseLogger - skip non existing resourceDirectory C:\Users\Theogorath\Documents\EXIA.CESI\A1\PROJETS\Projet 6 Java - UIML - POO\Workspace projet Java\BoulderDash\BoulderDash\view\src\test\resources
2017-06-14 14:16:08,056 [Worker-18] WARN  o.e.m.c.i.embedder.EclipseLogger - Using platform encoding (Cp1252 actually) to copy filtered resources, i.e. build is platform dependent!
2017-06-14 14:16:08,061 [Worker-18] INFO  o.e.m.c.i.embedder.EclipseLogger - skip non existing resourceDirectory C:\Users\Theogorath\Documents\EXIA.CESI\A1\PROJETS\Projet 6 Java - UIML - POO\Workspace projet Java\BoulderDash\BoulderDash\main\src\main\resources
2017-06-14 14:16:08,066 [Worker-18] WARN  o.e.m.c.i.embedder.EclipseLogger - Using platform encoding (Cp1252 actually) to copy filtered resources, i.e. build is platform dependent!
2017-06-14 14:16:08,071 [Worker-18] INFO  o.e.m.c.i.embedder.EclipseLogger - skip non existing resourceDirectory C:\Users\Theogorath\Documents\EXIA.CESI\A1\PROJETS\Projet 6 Java - UIML - POO\Workspace projet Java\BoulderDash\BoulderDash\main\src\test\resources
2017-06-14 14:16:23,430 [main] INFO  o.e.m2e.actions.ExecutePomAction - Creating new launch configuration
2017-06-14 14:16:36,640 [Worker-18] INFO  o.e.m.i.launch.MavenLaunchDelegate - C:\Users\Theogorath\Documents\EXIA.CESI\A1\PROJETS\Projet 6 Java - UIML - POO\Workspace projet Java\BoulderDash\BoulderDash
2017-06-14 14:16:36,640 [Worker-18] INFO  o.e.m.i.launch.MavenLaunchDelegate -  mvn -B compile
2017-06-14 14:17:03,695 [Worker-21] INFO  o.e.m.i.launch.MavenLaunchDelegate - C:\Users\Theogorath\Documents\EXIA.CESI\A1\PROJETS\Projet 6 Java - UIML - POO\Workspace projet Java\BoulderDash\BoulderDash
2017-06-14 14:17:03,696 [Worker-21] INFO  o.e.m.i.launch.MavenLaunchDelegate -  mvn -B compile
2017-06-14 14:17:08,060 [Worker-18] INFO  o.e.m.i.launch.MavenLaunchDelegate - C:\Users\Theogorath\Documents\EXIA.CESI\A1\PROJETS\Projet 6 Java - UIML - POO\Workspace projet Java\BoulderDash\BoulderDash
2017-06-14 14:17:08,064 [Worker-18] INFO  o.e.m.i.launch.MavenLaunchDelegate -  mvn -B compile
2017-06-14 14:17:14,135 [Worker-20] INFO  o.e.m.i.launch.MavenLaunchDelegate - C:\Users\Theogorath\Documents\EXIA.CESI\A1\PROJETS\Projet 6 Java - UIML - POO\Workspace projet Java\BoulderDash\BoulderDash
2017-06-14 14:17:14,139 [Worker-20] INFO  o.e.m.i.launch.MavenLaunchDelegate -  mvn -B compile
2017-06-14 14:17:17,035 [Worker-12] INFO  o.e.m.i.launch.MavenLaunchDelegate - C:\Users\Theogorath\Documents\EXIA.CESI\A1\PROJETS\Projet 6 Java - UIML - POO\Workspace projet Java\BoulderDash\BoulderDash
2017-06-14 14:17:17,039 [Worker-12] INFO  o.e.m.i.launch.MavenLaunchDelegate -  mvn -B compile
2017-06-14 14:17:21,649 [Worker-20] INFO  o.e.m.i.launch.MavenLaunchDelegate - C:\Users\Theogorath\Documents\EXIA.CESI\A1\PROJETS\Projet 6 Java - UIML - POO\Workspace projet Java\BoulderDash\BoulderDash
2017-06-14 14:17:21,653 [Worker-20] INFO  o.e.m.i.launch.MavenLaunchDelegate -  mvn -B compile
2017-06-14 14:18:09,810 [main] INFO  o.e.m2e.actions.ExecutePomAction - Creating new launch configuration
2017-06-14 14:18:44,670 [Worker-19] INFO  o.e.m.i.launch.MavenLaunchDelegate - C:\Users\Theogorath\Documents\EXIA.CESI\A1\PROJETS\Projet 6 Java - UIML - POO\Workspace projet Java\BoulderDash\BoulderDash
2017-06-14 14:18:44,675 [Worker-19] INFO  o.e.m.i.launch.MavenLaunchDelegate -  mvn -B package
2017-06-14 14:19:24,506 [Worker-12] INFO  o.e.m.i.launch.MavenLaunchDelegate - C:\Users\Theogorath\Documents\EXIA.CESI\A1\PROJETS\Projet 6 Java - UIML - POO\Workspace projet Java\BoulderDash\BoulderDash
2017-06-14 14:19:24,506 [Worker-12] INFO  o.e.m.i.launch.MavenLaunchDelegate -  mvn -B package
2017-06-14 14:20:25,677 [main] INFO  o.e.m2e.actions.ExecutePomAction - Creating new launch configuration
2017-06-14 14:20:38,010 [Worker-12] INFO  o.e.m.i.launch.MavenLaunchDelegate - C:\Users\Theogorath\Documents\EXIA.CESI\A1\PROJETS\Projet 6 Java - UIML - POO\Workspace projet Java\BoulderDash\BoulderDash
2017-06-14 14:20:38,015 [Worker-12] INFO  o.e.m.i.launch.MavenLaunchDelegate -  mvn -B install
2017-06-14 14:20:58,819 [main] INFO  o.e.m2e.actions.ExecutePomAction - Creating new launch configuration
2017-06-14 14:21:05,731 [Worker-2] INFO  o.e.m.i.launch.MavenLaunchDelegate - C:\Users\Theogorath\Documents\EXIA.CESI\A1\PROJETS\Projet 6 Java - UIML - POO\Workspace projet Java\BoulderDash\BoulderDash
2017-06-14 14:21:05,737 [Worker-2] INFO  o.e.m.i.launch.MavenLaunchDelegate -  mvn -B site
2017-06-14 14:23:08,166 [Worker-22] INFO  o.e.m.i.launch.MavenLaunchDelegate - C:\Users\Theogorath\Documents\EXIA.CESI\A1\PROJETS\Projet 6 Java - UIML - POO\Workspace projet Java\BoulderDash\BoulderDash
2017-06-14 14:23:08,166 [Worker-22] INFO  o.e.m.i.launch.MavenLaunchDelegate -  mvn -B site
2017-06-14 14:23:20,304 [Worker-19] INFO  o.e.m.i.launch.MavenLaunchDelegate - C:\Users\Theogorath\Documents\EXIA.CESI\A1\PROJETS\Projet 6 Java - UIML - POO\Workspace projet Java\BoulderDash\BoulderDash
2017-06-14 14:23:20,311 [Worker-19] INFO  o.e.m.i.launch.MavenLaunchDelegate -  mvn -B site
2017-06-14 14:23:33,784 [Worker-21] INFO  o.e.m.i.launch.MavenLaunchDelegate - C:\Users\Theogorath\Documents\EXIA.CESI\A1\PROJETS\Projet 6 Java - UIML - POO\Workspace projet Java\BoulderDash\BoulderDash
2017-06-14 14:23:33,784 [Worker-21] INFO  o.e.m.i.launch.MavenLaunchDelegate -  mvn -B site
2017-06-14 14:23:55,687 [Worker-22] INFO  o.e.m.i.launch.MavenLaunchDelegate - C:\Users\Theogorath\Documents\EXIA.CESI\A1\PROJETS\Projet 6 Java - UIML - POO\Workspace projet Java\BoulderDash\BoulderDash
2017-06-14 14:23:55,693 [Worker-22] INFO  o.e.m.i.launch.MavenLaunchDelegate -  mvn -B site
2017-06-14 14:24:12,959 [Worker-12] INFO  o.e.m.i.launch.MavenLaunchDelegate - C:\Users\Theogorath\Documents\EXIA.CESI\A1\PROJETS\Projet 6 Java - UIML - POO\Workspace projet Java\BoulderDash\BoulderDash
2017-06-14 14:24:12,959 [Worker-12] INFO  o.e.m.i.launch.MavenLaunchDelegate -  mvn -B site
2017-06-14 14:24:53,610 [Worker-22] INFO  o.e.m.i.launch.MavenLaunchDelegate - C:\Users\Theogorath\Documents\EXIA.CESI\A1\PROJETS\Projet 6 Java - UIML - POO\Workspace projet Java\BoulderDash\BoulderDash
2017-06-14 14:24:53,618 [Worker-22] INFO  o.e.m.i.launch.MavenLaunchDelegate -  mvn -B site
2017-06-14 14:25:23,358 [Worker-6] WARN  o.e.m.c.i.embedder.EclipseLogger - Using platform encoding (Cp1252 actually) to copy filtered resources, i.e. build is platform dependent!
2017-06-14 14:25:23,369 [Worker-6] INFO  o.e.m.c.i.embedder.EclipseLogger - skip non existing resourceDirectory C:\Users\Theogorath\Documents\EXIA.CESI\A1\PROJETS\Projet 6 Java - UIML - POO\Workspace projet Java\BoulderDash\BoulderDash\contract\src\main\resources
2017-06-14 14:25:23,371 [Worker-6] WARN  o.e.m.c.i.embedder.EclipseLogger - Using platform encoding (Cp1252 actually) to copy filtered resources, i.e. build is platform dependent!
2017-06-14 14:25:23,375 [Worker-6] INFO  o.e.m.c.i.embedder.EclipseLogger - skip non existing resourceDirectory C:\Users\Theogorath\Documents\EXIA.CESI\A1\PROJETS\Projet 6 Java - UIML - POO\Workspace projet Java\BoulderDash\BoulderDash\contract\src\test\resources
2017-06-14 14:25:23,692 [Worker-6] WARN  o.e.m.c.i.embedder.EclipseLogger - Using platform encoding (Cp1252 actually) to copy filtered resources, i.e. build is platform dependent!
2017-06-14 14:25:23,697 [Worker-6] INFO  o.e.m.c.i.embedder.EclipseLogger - skip non existing resourceDirectory C:\Users\Theogorath\Documents\EXIA.CESI\A1\PROJETS\Projet 6 Java - UIML - POO\Workspace projet Java\BoulderDash\BoulderDash\controller\src\main\resources
2017-06-14 14:25:23,698 [Worker-6] WARN  o.e.m.c.i.embedder.EclipseLogger - Using platform encoding (Cp1252 actually) to copy filtered resources, i.e. build is platform dependent!
2017-06-14 14:25:23,702 [Worker-6] INFO  o.e.m.c.i.embedder.EclipseLogger - skip non existing resourceDirectory C:\Users\Theogorath\Documents\EXIA.CESI\A1\PROJETS\Projet 6 Java - UIML - POO\Workspace projet Java\BoulderDash\BoulderDash\controller\src\test\resources
2017-06-14 14:25:23,760 [Worker-6] WARN  o.e.m.c.i.embedder.EclipseLogger - Using platform encoding (Cp1252 actually) to copy filtered resources, i.e. build is platform dependent!
2017-06-14 14:25:23,765 [Worker-6] INFO  o.e.m.c.i.embedder.EclipseLogger - skip non existing resourceDirectory C:\Users\Theogorath\Documents\EXIA.CESI\A1\PROJETS\Projet 6 Java - UIML - POO\Workspace projet Java\BoulderDash\BoulderDash\model\src\main\resources
2017-06-14 14:25:23,766 [Worker-6] WARN  o.e.m.c.i.embedder.EclipseLogger - Using platform encoding (Cp1252 actually) to copy filtered resources, i.e. build is platform dependent!
2017-06-14 14:25:23,770 [Worker-6] INFO  o.e.m.c.i.embedder.EclipseLogger - skip non existing resourceDirectory C:\Users\Theogorath\Documents\EXIA.CESI\A1\PROJETS\Projet 6 Java - UIML - POO\Workspace projet Java\BoulderDash\BoulderDash\model\src\test\resources
2017-06-14 14:25:23,818 [Worker-6] WARN  o.e.m.c.i.embedder.EclipseLogger - Using platform encoding (Cp1252 actually) to copy filtered resources, i.e. build is platform dependent!
2017-06-14 14:25:23,822 [Worker-6] INFO  o.e.m.c.i.embedder.EclipseLogger - skip non existing resourceDirectory C:\Users\Theogorath\Documents\EXIA.CESI\A1\PROJETS\Projet 6 Java - UIML - POO\Workspace projet Java\BoulderDash\BoulderDash\view\src\main\resources
2017-06-14 14:25:23,823 [Worker-6] WARN  o.e.m.c.i.embedder.EclipseLogger - Using platform encoding (Cp1252 actually) to copy filtered resources, i.e. build is platform dependent!
2017-06-14 14:25:23,827 [Worker-6] INFO  o.e.m.c.i.embedder.EclipseLogger - skip non existing resourceDirectory C:\Users\Theogorath\Documents\EXIA.CESI\A1\PROJETS\Projet 6 Java - UIML - POO\Workspace projet Java\BoulderDash\BoulderDash\view\src\test\resources
2017-06-14 14:25:23,886 [Worker-6] WARN  o.e.m.c.i.embedder.EclipseLogger - Using platform encoding (Cp1252 actually) to copy filtered resources, i.e. build is platform dependent!
2017-06-14 14:25:23,891 [Worker-6] INFO  o.e.m.c.i.embedder.EclipseLogger - skip non existing resourceDirectory C:\Users\Theogorath\Documents\EXIA.CESI\A1\PROJETS\Projet 6 Java - UIML - POO\Workspace projet Java\BoulderDash\BoulderDash\main\src\main\resources
2017-06-14 14:25:23,892 [Worker-6] WARN  o.e.m.c.i.embedder.EclipseLogger - Using platform encoding (Cp1252 actually) to copy filtered resources, i.e. build is platform dependent!
2017-06-14 14:25:23,896 [Worker-6] INFO  o.e.m.c.i.embedder.EclipseLogger - skip non existing resourceDirectory C:\Users\Theogorath\Documents\EXIA.CESI\A1\PROJETS\Projet 6 Java - UIML - POO\Workspace projet Java\BoulderDash\BoulderDash\main\src\test\resources
2017-06-14 14:27:09,875 [Worker-4] WARN  o.e.m.c.i.embedder.EclipseLogger - Using platform encoding (Cp1252 actually) to copy filtered resources, i.e. build is platform dependent!
2017-06-14 14:27:09,879 [Worker-4] INFO  o.e.m.c.i.embedder.EclipseLogger - skip non existing resourceDirectory C:\Users\Theogorath\Documents\EXIA.CESI\A1\PROJETS\Projet 6 Java - UIML - POO\Workspace projet Java\BoulderDash\BoulderDash\contract\src\main\resources
2017-06-14 14:27:09,880 [Worker-4] WARN  o.e.m.c.i.embedder.EclipseLogger - Using platform encoding (Cp1252 actually) to copy filtered resources, i.e. build is platform dependent!
2017-06-14 14:27:09,884 [Worker-4] INFO  o.e.m.c.i.embedder.EclipseLogger - skip non existing resourceDirectory C:\Users\Theogorath\Documents\EXIA.CESI\A1\PROJETS\Projet 6 Java - UIML - POO\Workspace projet Java\BoulderDash\BoulderDash\contract\src\test\resources
2017-06-14 14:27:09,908 [Worker-4] WARN  o.e.m.c.i.embedder.EclipseLogger - Using platform encoding (Cp1252 actually) to copy filtered resources, i.e. build is platform dependent!
2017-06-14 14:27:09,912 [Worker-4] INFO  o.e.m.c.i.embedder.EclipseLogger - skip non existing resourceDirectory C:\Users\Theogorath\Documents\EXIA.CESI\A1\PROJETS\Projet 6 Java - UIML - POO\Workspace projet Java\BoulderDash\BoulderDash\controller\src\main\resources
2017-06-14 14:27:09,917 [Worker-4] WARN  o.e.m.c.i.embedder.EclipseLogger - Using platform encoding (Cp1252 actually) to copy filtered resources, i.e. build is platform dependent!
2017-06-14 14:27:09,921 [Worker-4] INFO  o.e.m.c.i.embedder.EclipseLogger - skip non existing resourceDirectory C:\Users\Theogorath\Documents\EXIA.CESI\A1\PROJETS\Projet 6 Java - UIML - POO\Workspace projet Java\BoulderDash\BoulderDash\controller\src\test\resources
2017-06-14 14:27:09,948 [Worker-4] WARN  o.e.m.c.i.embedder.EclipseLogger - Using platform encoding (Cp1252 actually) to copy filtered resources, i.e. build is platform dependent!
2017-06-14 14:27:09,952 [Worker-4] INFO  o.e.m.c.i.embedder.EclipseLogger - skip non existing resourceDirectory C:\Users\Theogorath\Documents\EXIA.CESI\A1\PROJETS\Projet 6 Java - UIML - POO\Workspace projet Java\BoulderDash\BoulderDash\model\src\main\resources
2017-06-14 14:27:09,955 [Worker-4] WARN  o.e.m.c.i.embedder.EclipseLogger - Using platform encoding (Cp1252 actually) to copy filtered resources, i.e. build is platform dependent!
2017-06-14 14:27:09,959 [Worker-4] INFO  o.e.m.c.i.embedder.EclipseLogger - skip non existing resourceDirectory C:\Users\Theogorath\Documents\EXIA.CESI\A1\PROJETS\Projet 6 Java - UIML - POO\Workspace projet Java\BoulderDash\BoulderDash\model\src\test\resources
2017-06-14 14:27:09,992 [Worker-4] WARN  o.e.m.c.i.embedder.EclipseLogger - Using platform encoding (Cp1252 actually) to copy filtered resources, i.e. build is platform dependent!
2017-06-14 14:27:09,998 [Worker-4] INFO  o.e.m.c.i.embedder.EclipseLogger - skip non existing resourceDirectory C:\Users\Theogorath\Documents\EXIA.CESI\A1\PROJETS\Projet 6 Java - UIML - POO\Workspace projet Java\BoulderDash\BoulderDash\view\src\main\resources
2017-06-14 14:27:09,998 [Worker-4] WARN  o.e.m.c.i.embedder.EclipseLogger - Using platform encoding (Cp1252 actually) to copy filtered resources, i.e. build is platform dependent!
2017-06-14 14:27:10,003 [Worker-4] INFO  o.e.m.c.i.embedder.EclipseLogger - skip non existing resourceDirectory C:\Users\Theogorath\Documents\EXIA.CESI\A1\PROJETS\Projet 6 Java - UIML - POO\Workspace projet Java\BoulderDash\BoulderDash\view\src\test\resources
2017-06-14 14:27:10,034 [Worker-4] WARN  o.e.m.c.i.embedder.EclipseLogger - Using platform encoding (Cp1252 actually) to copy filtered resources, i.e. build is platform dependent!
2017-06-14 14:27:10,038 [Worker-4] INFO  o.e.m.c.i.embedder.EclipseLogger - skip non existing resourceDirectory C:\Users\Theogorath\Documents\EXIA.CESI\A1\PROJETS\Projet 6 Java - UIML - POO\Workspace projet Java\BoulderDash\BoulderDash\main\src\main\resources
2017-06-14 14:27:10,038 [Worker-4] WARN  o.e.m.c.i.embedder.EclipseLogger - Using platform encoding (Cp1252 actually) to copy filtered resources, i.e. build is platform dependent!
2017-06-14 14:27:10,042 [Worker-4] INFO  o.e.m.c.i.embedder.EclipseLogger - skip non existing resourceDirectory C:\Users\Theogorath\Documents\EXIA.CESI\A1\PROJETS\Projet 6 Java - UIML - POO\Workspace projet Java\BoulderDash\BoulderDash\main\src\test\resources
2017-06-14 14:28:03,476 [Worker-12] WARN  o.e.m.c.i.embedder.EclipseLogger - Using platform encoding (Cp1252 actually) to copy filtered resources, i.e. build is platform dependent!
2017-06-14 14:28:03,481 [Worker-12] INFO  o.e.m.c.i.embedder.EclipseLogger - skip non existing resourceDirectory C:\Users\Theogorath\Documents\EXIA.CESI\A1\PROJETS\Projet 6 Java - UIML - POO\Workspace projet Java\BoulderDash\BoulderDash\contract\src\main\resources
2017-06-14 14:28:03,482 [Worker-12] WARN  o.e.m.c.i.embedder.EclipseLogger - Using platform encoding (Cp1252 actually) to copy filtered resources, i.e. build is platform dependent!
2017-06-14 14:28:03,486 [Worker-12] INFO  o.e.m.c.i.embedder.EclipseLogger - skip non existing resourceDirectory C:\Users\Theogorath\Documents\EXIA.CESI\A1\PROJETS\Projet 6 Java - UIML - POO\Workspace projet Java\BoulderDash\BoulderDash\contract\src\test\resources
2017-06-14 14:28:12,442 [Worker-12] INFO  o.e.m.i.launch.MavenLaunchDelegate - C:\Users\Theogorath\Documents\EXIA.CESI\A1\PROJETS\Projet 6 Java - UIML - POO\Workspace projet Java\BoulderDash\BoulderDash
2017-06-14 14:28:12,443 [Worker-12] INFO  o.e.m.i.launch.MavenLaunchDelegate -  mvn -B site
2017-06-14 14:30:56,252 [main] INFO  o.e.m2e.actions.ExecutePomAction - Creating new launch configuration
2017-06-14 14:31:11,303 [Worker-5] INFO  o.e.m.i.launch.MavenLaunchDelegate - C:\Users\Theogorath\Documents\EXIA.CESI\A1\PROJETS\Projet 6 Java - UIML - POO\Workspace projet Java\BoulderDash\BoulderDash
2017-06-14 14:31:11,308 [Worker-5] INFO  o.e.m.i.launch.MavenLaunchDelegate -  mvn -B site:stage
2017-06-16 08:19:11,763 [Worker-11] WARN  o.e.m.c.i.embedder.EclipseLogger - Using platform encoding (Cp1252 actually) to copy filtered resources, i.e. build is platform dependent!
2017-06-16 08:19:11,772 [Worker-11] INFO  o.e.m.c.i.embedder.EclipseLogger - skip non existing resourceDirectory C:\Users\Theogorath\Documents\EXIA.CESI\A1\PROJETS\Projet 6 Java - UIML - POO\Workspace projet Java\BoulderDash\BoulderDash\contract\src\main\resources
2017-06-16 08:19:11,773 [Worker-11] WARN  o.e.m.c.i.embedder.EclipseLogger - Using platform encoding (Cp1252 actually) to copy filtered resources, i.e. build is platform dependent!
2017-06-16 08:19:11,778 [Worker-11] INFO  o.e.m.c.i.embedder.EclipseLogger - skip non existing resourceDirectory C:\Users\Theogorath\Documents\EXIA.CESI\A1\PROJETS\Projet 6 Java - UIML - POO\Workspace projet Java\BoulderDash\BoulderDash\contract\src\test\resources
2017-06-16 08:19:12,308 [Worker-11] WARN  o.e.m.c.i.embedder.EclipseLogger - Using platform encoding (Cp1252 actually) to copy filtered resources, i.e. build is platform dependent!
2017-06-16 08:19:12,313 [Worker-11] INFO  o.e.m.c.i.embedder.EclipseLogger - skip non existing resourceDirectory C:\Users\Theogorath\Documents\EXIA.CESI\A1\PROJETS\Projet 6 Java - UIML - POO\Workspace projet Java\BoulderDash\BoulderDash\controller\src\main\resources
2017-06-16 08:19:12,314 [Worker-11] WARN  o.e.m.c.i.embedder.EclipseLogger - Using platform encoding (Cp1252 actually) to copy filtered resources, i.e. build is platform dependent!
2017-06-16 08:19:12,318 [Worker-11] INFO  o.e.m.c.i.embedder.EclipseLogger - skip non existing resourceDirectory C:\Users\Theogorath\Documents\EXIA.CESI\A1\PROJETS\Projet 6 Java - UIML - POO\Workspace projet Java\BoulderDash\BoulderDash\controller\src\test\resources
2017-06-16 08:19:12,546 [Worker-11] WARN  o.e.m.c.i.embedder.EclipseLogger - Using platform encoding (Cp1252 actually) to copy filtered resources, i.e. build is platform dependent!
2017-06-16 08:19:12,551 [Worker-11] INFO  o.e.m.c.i.embedder.EclipseLogger - skip non existing resourceDirectory C:\Users\Theogorath\Documents\EXIA.CESI\A1\PROJETS\Projet 6 Java - UIML - POO\Workspace projet Java\BoulderDash\BoulderDash\model\src\main\resources
2017-06-16 08:19:12,552 [Worker-11] WARN  o.e.m.c.i.embedder.EclipseLogger - Using platform encoding (Cp1252 actually) to copy filtered resources, i.e. build is platform dependent!
2017-06-16 08:19:12,557 [Worker-11] INFO  o.e.m.c.i.embedder.EclipseLogger - skip non existing resourceDirectory C:\Users\Theogorath\Documents\EXIA.CESI\A1\PROJETS\Projet 6 Java - UIML - POO\Workspace projet Java\BoulderDash\BoulderDash\model\src\test\resources
2017-06-16 08:19:12,681 [Worker-11] WARN  o.e.m.c.i.embedder.EclipseLogger - Using platform encoding (Cp1252 actually) to copy filtered resources, i.e. build is platform dependent!
2017-06-16 08:19:12,686 [Worker-11] INFO  o.e.m.c.i.embedder.EclipseLogger - skip non existing resourceDirectory C:\Users\Theogorath\Documents\EXIA.CESI\A1\PROJETS\Projet 6 Java - UIML - POO\Workspace projet Java\BoulderDash\BoulderDash\view\src\main\resources
2017-06-16 08:19:12,687 [Worker-11] WARN  o.e.m.c.i.embedder.EclipseLogger - Using platform encoding (Cp1252 actually) to copy filtered resources, i.e. build is platform dependent!
2017-06-16 08:19:12,692 [Worker-11] INFO  o.e.m.c.i.embedder.EclipseLogger - skip non existing resourceDirectory C:\Users\Theogorath\Documents\EXIA.CESI\A1\PROJETS\Projet 6 Java - UIML - POO\Workspace projet Java\BoulderDash\BoulderDash\view\src\test\resources
2017-06-16 08:19:12,804 [Worker-11] WARN  o.e.m.c.i.embedder.EclipseLogger - Using platform encoding (Cp1252 actually) to copy filtered resources, i.e. build is platform dependent!
2017-06-16 08:19:12,808 [Worker-11] INFO  o.e.m.c.i.embedder.EclipseLogger - skip non existing resourceDirectory C:\Users\Theogorath\Documents\EXIA.CESI\A1\PROJETS\Projet 6 Java - UIML - POO\Workspace projet Java\BoulderDash\BoulderDash\main\src\main\resources
2017-06-16 08:19:12,810 [Worker-11] WARN  o.e.m.c.i.embedder.EclipseLogger - Using platform encoding (Cp1252 actually) to copy filtered resources, i.e. build is platform dependent!
2017-06-16 08:19:12,814 [Worker-11] INFO  o.e.m.c.i.embedder.EclipseLogger - skip non existing resourceDirectory C:\Users\Theogorath\Documents\EXIA.CESI\A1\PROJETS\Projet 6 Java - UIML - POO\Workspace projet Java\BoulderDash\BoulderDash\main\src\test\resources
2017-06-16 08:53:37,924 [Worker-31] WARN  o.e.m.c.i.embedder.EclipseLogger - Using platform encoding (Cp1252 actually) to copy filtered resources, i.e. build is platform dependent!
2017-06-16 08:53:37,940 [Worker-31] INFO  o.e.m.c.i.embedder.EclipseLogger - skip non existing resourceDirectory C:\Users\Theogorath\Documents\EXIA.CESI\A1\PROJETS\Projet 6 Java - UIML - POO\Workspace projet Java\BoulderDash\BoulderDash\contract\src\main\resources
2017-06-16 08:53:37,940 [Worker-31] WARN  o.e.m.c.i.embedder.EclipseLogger - Using platform encoding (Cp1252 actually) to copy filtered resources, i.e. build is platform dependent!
2017-06-16 08:53:37,940 [Worker-31] INFO  o.e.m.c.i.embedder.EclipseLogger - skip non existing resourceDirectory C:\Users\Theogorath\Documents\EXIA.CESI\A1\PROJETS\Projet 6 Java - UIML - POO\Workspace projet Java\BoulderDash\BoulderDash\contract\src\test\resources
2017-06-16 08:53:37,955 [Worker-31] WARN  o.e.m.c.i.embedder.EclipseLogger - Using platform encoding (Cp1252 actually) to copy filtered resources, i.e. build is platform dependent!
2017-06-16 08:53:37,971 [Worker-31] INFO  o.e.m.c.i.embedder.EclipseLogger - skip non existing resourceDirectory C:\Users\Theogorath\Documents\EXIA.CESI\A1\PROJETS\Projet 6 Java - UIML - POO\Workspace projet Java\BoulderDash\BoulderDash\controller\src\main\resources
2017-06-16 08:53:37,971 [Worker-31] WARN  o.e.m.c.i.embedder.EclipseLogger - Using platform encoding (Cp1252 actually) to copy filtered resources, i.e. build is platform dependent!
2017-06-16 08:53:37,971 [Worker-31] INFO  o.e.m.c.i.embedder.EclipseLogger - skip non existing resourceDirectory C:\Users\Theogorath\Documents\EXIA.CESI\A1\PROJETS\Projet 6 Java - UIML - POO\Workspace projet Java\BoulderDash\BoulderDash\controller\src\test\resources
2017-06-16 08:53:38,002 [Worker-31] WARN  o.e.m.c.i.embedder.EclipseLogger - Using platform encoding (Cp1252 actually) to copy filtered resources, i.e. build is platform dependent!
2017-06-16 08:53:38,018 [Worker-31] INFO  o.e.m.c.i.embedder.EclipseLogger - skip non existing resourceDirectory C:\Users\Theogorath\Documents\EXIA.CESI\A1\PROJETS\Projet 6 Java - UIML - POO\Workspace projet Java\BoulderDash\BoulderDash\model\src\main\resources
2017-06-16 08:53:38,018 [Worker-31] WARN  o.e.m.c.i.embedder.EclipseLogger - Using platform encoding (Cp1252 actually) to copy filtered resources, i.e. build is platform dependent!
2017-06-16 08:53:38,018 [Worker-31] INFO  o.e.m.c.i.embedder.EclipseLogger - skip non existing resourceDirectory C:\Users\Theogorath\Documents\EXIA.CESI\A1\PROJETS\Projet 6 Java - UIML - POO\Workspace projet Java\BoulderDash\BoulderDash\model\src\test\resources
2017-06-16 08:53:38,049 [Worker-31] WARN  o.e.m.c.i.embedder.EclipseLogger - Using platform encoding (Cp1252 actually) to copy filtered resources, i.e. build is platform dependent!
2017-06-16 08:53:38,049 [Worker-31] INFO  o.e.m.c.i.embedder.EclipseLogger - skip non existing resourceDirectory C:\Users\Theogorath\Documents\EXIA.CESI\A1\PROJETS\Projet 6 Java - UIML - POO\Workspace projet Java\BoulderDash\BoulderDash\view\src\main\resources
2017-06-16 08:53:38,049 [Worker-31] WARN  o.e.m.c.i.embedder.EclipseLogger - Using platform encoding (Cp1252 actually) to copy filtered resources, i.e. build is platform dependent!
2017-06-16 08:53:38,049 [Worker-31] INFO  o.e.m.c.i.embedder.EclipseLogger - skip non existing resourceDirectory C:\Users\Theogorath\Documents\EXIA.CESI\A1\PROJETS\Projet 6 Java - UIML - POO\Workspace projet Java\BoulderDash\BoulderDash\view\src\test\resources
2017-06-16 08:53:38,080 [Worker-31] WARN  o.e.m.c.i.embedder.EclipseLogger - Using platform encoding (Cp1252 actually) to copy filtered resources, i.e. build is platform dependent!
2017-06-16 08:53:38,080 [Worker-31] INFO  o.e.m.c.i.embedder.EclipseLogger - skip non existing resourceDirectory C:\Users\Theogorath\Documents\EXIA.CESI\A1\PROJETS\Projet 6 Java - UIML - POO\Workspace projet Java\BoulderDash\BoulderDash\main\src\main\resources
2017-06-16 08:53:38,080 [Worker-31] WARN  o.e.m.c.i.embedder.EclipseLogger - Using platform encoding (Cp1252 actually) to copy filtered resources, i.e. build is platform dependent!
2017-06-16 08:53:38,096 [Worker-31] INFO  o.e.m.c.i.embedder.EclipseLogger - skip non existing resourceDirectory C:\Users\Theogorath\Documents\EXIA.CESI\A1\PROJETS\Projet 6 Java - UIML - POO\Workspace projet Java\BoulderDash\BoulderDash\main\src\test\resources
